<?xml version="1.0" encoding="UTF-8"?>
<testng-results ignored="0" total="1" passed="1" failed="0" skipped="0">
  <reporter-output>
  </reporter-output>
  <suite started-at="2022-07-03T23:40:47 IST" name="Default suite" finished-at="2022-07-03T23:41:41 IST" duration-ms="53548">
    <groups>
    </groups>
    <test started-at="2022-07-03T23:40:47 IST" name="Default test" finished-at="2022-07-03T23:41:41 IST" duration-ms="53548">
      <class name="com.surajstore.testcases.IndexPageTest">
        <test-method is-config="true" signature="beforeSuit()[pri:0, instance:com.surajstore.testcases.IndexPageTest@35ef1869]" started-at="2022-07-03T23:40:47 IST" name="beforeSuit" finished-at="2022-07-03T23:40:47 IST" duration-ms="313" status="PASS">
          <reporter-output>
          </reporter-output>
        </test-method> <!-- beforeSuit -->
        <test-method is-config="true" signature="readConfig()[pri:0, instance:com.surajstore.testcases.IndexPageTest@35ef1869]" started-at="2022-07-03T23:40:47 IST" name="readConfig" finished-at="2022-07-03T23:40:47 IST" duration-ms="1" status="PASS">
          <reporter-output>
          </reporter-output>
        </test-method> <!-- readConfig -->
        <test-method is-config="true" signature="setup()[pri:0, instance:com.surajstore.testcases.IndexPageTest@35ef1869]" started-at="2022-07-03T23:40:47 IST" name="setup" finished-at="2022-07-03T23:41:39 IST" duration-ms="52067" status="PASS">
          <reporter-output>
          </reporter-output>
        </test-method> <!-- setup -->
        <test-method signature="verifyTitle()[pri:0, instance:com.surajstore.testcases.IndexPageTest@35ef1869]" started-at="2022-07-03T23:41:39 IST" name="verifyTitle" finished-at="2022-07-03T23:41:40 IST" duration-ms="282" status="PASS">
          <reporter-output>
          </reporter-output>
        </test-method> <!-- verifyTitle -->
        <test-method is-config="true" signature="tearDown()[pri:0, instance:com.surajstore.testcases.IndexPageTest@35ef1869]" started-at="2022-07-03T23:41:40 IST" name="tearDown" finished-at="2022-07-03T23:41:41 IST" duration-ms="1140" status="PASS">
          <reporter-output>
          </reporter-output>
        </test-method> <!-- tearDown -->
      </class> <!-- com.surajstore.testcases.IndexPageTest -->
    </test> <!-- Default test -->
  </suite> <!-- Default suite -->
</testng-results>
